2023-03-26 13:12:49,494 WARN com.zaxxer.hikari.pool.HikariPool$HouseKeeper [HikariPool-1 housekeeper] HikariPool-1 - Thread starvation or clock leap detected (housekeeper delta=18h20m49s978ms569µs900ns).
2023-03-26 13:14:31,398 INFO org.springframework.orm.jpa.AbstractEntityManagerFactoryBean [SpringApplicationShutdownHook] Closing JPA EntityManagerFactory for persistence unit 'default'
2023-03-26 13:14:31,402 INFO com.zaxxer.hikari.HikariDataSource [SpringApplicationShutdownHook] HikariPool-1 - Shutdown initiated...
2023-03-26 13:14:31,405 INFO com.zaxxer.hikari.HikariDataSource [SpringApplicationShutdownHook] HikariPool-1 - Shutdown completed.
2023-03-31 21:01:12,370 INFO org.springframework.boot.StartupInfoLogger [main] Starting PFEApplication using Java 19 on HAMZA-HASNAOUI with PID 6176 (C:\Users\user\Desktop\PFE1\PFEProject\target\classes started by user in C:\Users\user\Desktop\PFE1\PFEProject)
2023-03-31 21:01:12,372 DEBUG org.springframework.boot.StartupInfoLogger [main] Running with Spring Boot v2.5.1, Spring v5.3.8
2023-03-31 21:01:12,372 INFO org.springframework.boot.SpringApplication [main] The following profiles are active: local
2023-03-31 21:01:13,477 INFO org.springframework.data.repository.config.RepositoryConfigurationDelegate [main] Bootstrapping Spring Data JPA repositories in DEFAULT mode.
2023-03-31 21:01:13,550 INFO org.springframework.data.repository.config.RepositoryConfigurationDelegate [main] Finished Spring Data repository scanning in 61 ms. Found 1 JPA repository interfaces.
2023-03-31 21:01:14,211 INFO org.springframework.boot.web.embedded.tomcat.TomcatWebServer [main] Tomcat initialized with port(s): 8085 (http)
2023-03-31 21:01:14,221 INFO org.apache.juli.logging.DirectJDKLog [main] Initializing ProtocolHandler ["http-nio-8085"]
2023-03-31 21:01:14,223 INFO org.apache.juli.logging.DirectJDKLog [main] Starting service [Tomcat]
2023-03-31 21:01:14,223 INFO org.apache.juli.logging.DirectJDKLog [main] Starting Servlet engine: [Apache Tomcat/9.0.46]
2023-03-31 21:01:14,322 INFO org.apache.juli.logging.DirectJDKLog [main] Initializing Spring embedded WebApplicationContext
2023-03-31 21:01:14,322 INFO org.springframework.boot.web.servlet.context.ServletWebServerApplicationContext [main] Root WebApplicationContext: initialization completed in 1897 ms
2023-03-31 21:01:14,411 INFO com.zaxxer.hikari.HikariDataSource [main] HikariPool-1 - Starting...
2023-03-31 21:01:14,591 INFO com.zaxxer.hikari.pool.PoolBase [main] HikariPool-1 - Driver does not support get/set network timeout for connections. (Receiver class com.mysql.jdbc.JDBC4Connection does not define or inherit an implementation of the resolved method 'abstract int getNetworkTimeout()' of interface java.sql.Connection.)
2023-03-31 21:01:14,594 INFO com.zaxxer.hikari.HikariDataSource [main] HikariPool-1 - Start completed.
2023-03-31 21:01:15,831 INFO org.springframework.orm.jpa.AbstractEntityManagerFactoryBean [main] Initialized JPA EntityManagerFactory for persistence unit 'default'
2023-03-31 21:01:16,278 WARN org.springframework.boot.autoconfigure.orm.jpa.JpaBaseConfiguration$JpaWebConfiguration [main] spring.jpa.open-in-view is enabled by default. Therefore, database queries may be performed during view rendering. Explicitly configure spring.jpa.open-in-view to disable this warning
2023-03-31 21:01:16,348 DEBUG org.springframework.web.servlet.handler.AbstractHandlerMethodMapping [main] 11 mappings in 'requestMappingHandlerMapping'
2023-03-31 21:01:16,490 DEBUG org.springframework.web.servlet.mvc.method.annotation.RequestMappingHandlerAdapter [main] ControllerAdvice beans: 0 @ModelAttribute, 0 @InitBinder, 1 RequestBodyAdvice, 1 ResponseBodyAdvice
2023-03-31 21:01:16,527 DEBUG org.springframework.web.servlet.handler.SimpleUrlHandlerMapping [main] Patterns [/swagger-ui/] in 'viewControllerHandlerMapping'
2023-03-31 21:01:16,541 DEBUG org.springframework.web.servlet.handler.SimpleUrlHandlerMapping [main] Patterns [/webjars/**, /**, /swagger-ui/**] in 'resourceHandlerMapping'
2023-03-31 21:01:16,546 DEBUG org.springframework.web.servlet.mvc.method.annotation.ExceptionHandlerExceptionResolver [main] ControllerAdvice beans: 0 @ExceptionHandler, 1 ResponseBodyAdvice
2023-03-31 21:01:16,608 INFO org.apache.juli.logging.DirectJDKLog [main] Starting ProtocolHandler ["http-nio-8085"]
2023-03-31 21:01:16,642 INFO org.springframework.boot.web.embedded.tomcat.TomcatWebServer [main] Tomcat started on port(s): 8085 (http) with context path '/pfe'
2023-03-31 21:01:16,816 INFO org.springframework.boot.StartupInfoLogger [main] Started PFEApplication in 4.995 seconds (JVM running for 5.927)
2023-03-31 21:01:16,819 INFO ma.pfe.PFEApplication [main] Access URLs:
----------------------------------------------------------
	Local: 		http://127.0.0.1:8085/pfe/swagger-ui/#/
	External: 	http://192.168.1.40:8085/pfe/swagger-ui/#/
----------------------------------------------------------
2023-03-31 21:01:20,144 INFO org.apache.juli.logging.DirectJDKLog [http-nio-8085-exec-1] Initializing Spring DispatcherServlet 'dispatcherServlet'
2023-03-31 21:01:20,144 INFO org.springframework.web.servlet.FrameworkServlet [http-nio-8085-exec-1] Initializing Servlet 'dispatcherServlet'
2023-03-31 21:01:20,144 DEBUG org.springframework.web.servlet.DispatcherServlet [http-nio-8085-exec-1] Detected StandardServletMultipartResolver
2023-03-31 21:01:20,144 DEBUG org.springframework.web.servlet.DispatcherServlet [http-nio-8085-exec-1] Detected AcceptHeaderLocaleResolver
2023-03-31 21:01:20,145 DEBUG org.springframework.web.servlet.DispatcherServlet [http-nio-8085-exec-1] Detected FixedThemeResolver
2023-03-31 21:01:20,146 DEBUG org.springframework.web.servlet.DispatcherServlet [http-nio-8085-exec-1] Detected org.springframework.web.servlet.view.DefaultRequestToViewNameTranslator@63c88994
2023-03-31 21:01:20,148 DEBUG org.springframework.web.servlet.DispatcherServlet [http-nio-8085-exec-1] Detected org.springframework.web.servlet.support.SessionFlashMapManager@626ff077
2023-03-31 21:01:20,149 DEBUG org.springframework.web.servlet.FrameworkServlet [http-nio-8085-exec-1] enableLoggingRequestDetails='false': request parameters and headers will be masked to prevent unsafe logging of potentially sensitive data
2023-03-31 21:01:20,149 INFO org.springframework.web.servlet.FrameworkServlet [http-nio-8085-exec-1] Completed initialization in 5 ms
2023-03-31 21:01:20,158 DEBUG org.springframework.core.log.LogFormatUtils [http-nio-8085-exec-1] GET "/pfe/swagger-ui/", parameters={}
2023-03-31 21:01:20,165 DEBUG org.springframework.web.servlet.handler.AbstractHandlerMapping [http-nio-8085-exec-1] Mapped to ParameterizableViewController [view="forward:/swagger-ui/index.html"]
2023-03-31 21:01:20,174 DEBUG org.springframework.web.servlet.view.ContentNegotiatingViewResolver [http-nio-8085-exec-1] Selected 'text/html' given [text/html, application/xhtml+xml, image/avif, image/webp, image/apng, application/xml;q=0.9, application/signed-exchange;v=b3;q=0.7, */*;q=0.8]
2023-03-31 21:01:20,174 DEBUG org.springframework.web.servlet.view.AbstractView [http-nio-8085-exec-1] View name 'forward:', model {}
2023-03-31 21:01:20,176 DEBUG org.springframework.web.servlet.view.InternalResourceView [http-nio-8085-exec-1] Forwarding to [/swagger-ui/index.html]
2023-03-31 21:01:20,179 DEBUG org.springframework.core.log.LogFormatUtils [http-nio-8085-exec-1] "FORWARD" dispatch for GET "/pfe/swagger-ui/index.html", parameters={}
2023-03-31 21:01:20,180 DEBUG org.springframework.web.servlet.handler.AbstractHandlerMapping [http-nio-8085-exec-1] Mapped to ResourceHttpRequestHandler [Classpath [META-INF/resources/webjars/springfox-swagger-ui/]]
2023-03-31 21:01:20,183 DEBUG org.springframework.web.servlet.FrameworkServlet [http-nio-8085-exec-1] Exiting from "FORWARD" dispatch, status 304
2023-03-31 21:01:20,184 DEBUG org.springframework.web.servlet.FrameworkServlet [http-nio-8085-exec-1] Completed 304 NOT_MODIFIED
2023-03-31 21:01:20,206 DEBUG org.springframework.core.log.LogFormatUtils [http-nio-8085-exec-3] GET "/pfe/swagger-ui/springfox.css?v=3.0.0", parameters={masked}
2023-03-31 21:01:20,209 DEBUG org.springframework.web.servlet.handler.AbstractHandlerMapping [http-nio-8085-exec-3] Mapped to ResourceHttpRequestHandler [Classpath [META-INF/resources/webjars/springfox-swagger-ui/]]
2023-03-31 21:01:20,216 DEBUG org.springframework.core.log.LogFormatUtils [http-nio-8085-exec-6] GET "/pfe/swagger-ui/springfox.js?v=3.0.0", parameters={masked}
2023-03-31 21:01:20,216 DEBUG org.springframework.core.log.LogFormatUtils [http-nio-8085-exec-4] GET "/pfe/swagger-ui/swagger-ui-bundle.js?v=3.0.0", parameters={masked}
2023-03-31 21:01:20,217 DEBUG org.springframework.core.log.LogFormatUtils [http-nio-8085-exec-5] GET "/pfe/swagger-ui/swagger-ui-standalone-preset.js?v=3.0.0", parameters={masked}
2023-03-31 21:01:20,218 DEBUG org.springframework.core.log.LogFormatUtils [http-nio-8085-exec-2] GET "/pfe/swagger-ui/swagger-ui.css?v=3.0.0", parameters={masked}
2023-03-31 21:01:20,218 DEBUG org.springframework.web.servlet.FrameworkServlet [http-nio-8085-exec-3] Completed 304 NOT_MODIFIED
2023-03-31 21:01:20,219 DEBUG org.springframework.web.servlet.handler.AbstractHandlerMapping [http-nio-8085-exec-5] Mapped to ResourceHttpRequestHandler [Classpath [META-INF/resources/webjars/springfox-swagger-ui/]]
2023-03-31 21:01:20,219 DEBUG org.springframework.web.servlet.handler.AbstractHandlerMapping [http-nio-8085-exec-2] Mapped to ResourceHttpRequestHandler [Classpath [META-INF/resources/webjars/springfox-swagger-ui/]]
2023-03-31 21:01:20,220 DEBUG org.springframework.web.servlet.handler.AbstractHandlerMapping [http-nio-8085-exec-4] Mapped to ResourceHttpRequestHandler [Classpath [META-INF/resources/webjars/springfox-swagger-ui/]]
2023-03-31 21:01:20,219 DEBUG org.springframework.web.servlet.handler.AbstractHandlerMapping [http-nio-8085-exec-6] Mapped to ResourceHttpRequestHandler [Classpath [META-INF/resources/webjars/springfox-swagger-ui/]]
2023-03-31 21:01:20,223 DEBUG org.springframework.web.servlet.FrameworkServlet [http-nio-8085-exec-2] Completed 304 NOT_MODIFIED
2023-03-31 21:01:20,258 DEBUG org.springframework.web.servlet.FrameworkServlet [http-nio-8085-exec-6] Completed 200 OK
2023-03-31 21:01:20,265 DEBUG org.springframework.web.servlet.FrameworkServlet [http-nio-8085-exec-5] Completed 200 OK
2023-03-31 21:01:20,282 DEBUG org.springframework.web.servlet.FrameworkServlet [http-nio-8085-exec-4] Completed 200 OK
2023-03-31 21:01:20,458 DEBUG org.springframework.core.log.LogFormatUtils [http-nio-8085-exec-7] GET "/pfe/swagger-resources/configuration/ui", parameters={}
2023-03-31 21:01:20,461 DEBUG org.springframework.web.servlet.handler.AbstractHandlerMapping [http-nio-8085-exec-7] Mapped to springfox.documentation.swagger.web.ApiResourceController#uiConfiguration()
2023-03-31 21:01:20,471 DEBUG org.springframework.web.servlet.mvc.method.annotation.AbstractMessageConverterMethodProcessor [http-nio-8085-exec-7] Using 'application/json', given [application/json] and supported [application/json]
2023-03-31 21:01:20,492 DEBUG org.springframework.core.log.LogFormatUtils [http-nio-8085-exec-7] Writing [springfox.documentation.swagger.web.UiConfiguration@7fbc3a1]
2023-03-31 21:01:20,523 DEBUG org.springframework.web.servlet.FrameworkServlet [http-nio-8085-exec-7] Completed 200 OK
2023-03-31 21:01:20,538 DEBUG org.springframework.core.log.LogFormatUtils [http-nio-8085-exec-8] GET "/pfe/swagger-resources/configuration/security", parameters={}
2023-03-31 21:01:20,540 DEBUG org.springframework.web.servlet.handler.AbstractHandlerMapping [http-nio-8085-exec-8] Mapped to springfox.documentation.swagger.web.ApiResourceController#securityConfiguration()
2023-03-31 21:01:20,543 DEBUG org.springframework.web.servlet.mvc.method.annotation.AbstractMessageConverterMethodProcessor [http-nio-8085-exec-8] Using 'application/json', given [application/json] and supported [application/json]
2023-03-31 21:01:20,547 DEBUG org.springframework.core.log.LogFormatUtils [http-nio-8085-exec-8] Writing [springfox.documentation.swagger.web.SecurityConfiguration@7731b613]
2023-03-31 21:01:20,550 DEBUG org.springframework.web.servlet.FrameworkServlet [http-nio-8085-exec-8] Completed 200 OK
2023-03-31 21:01:20,558 DEBUG org.springframework.core.log.LogFormatUtils [http-nio-8085-exec-9] GET "/pfe/swagger-resources", parameters={}
2023-03-31 21:01:20,559 DEBUG org.springframework.web.servlet.handler.AbstractHandlerMapping [http-nio-8085-exec-9] Mapped to springfox.documentation.swagger.web.ApiResourceController#swaggerResources()
2023-03-31 21:01:20,563 DEBUG org.springframework.web.servlet.mvc.method.annotation.AbstractMessageConverterMethodProcessor [http-nio-8085-exec-9] Using 'application/json', given [application/json] and supported [application/json]
2023-03-31 21:01:20,564 DEBUG org.springframework.core.log.LogFormatUtils [http-nio-8085-exec-9] Writing [[springfox.documentation.swagger.web.SwaggerResource@1f5348eb]]
2023-03-31 21:01:20,570 DEBUG org.springframework.web.servlet.FrameworkServlet [http-nio-8085-exec-9] Completed 200 OK
2023-03-31 21:01:20,604 DEBUG org.springframework.core.log.LogFormatUtils [http-nio-8085-exec-10] GET "/pfe/v2/api-docs", parameters={}
2023-03-31 21:01:20,604 DEBUG org.springframework.web.servlet.handler.AbstractHandlerMapping [http-nio-8085-exec-10] Mapped to springfox.documentation.swagger2.web.Swagger2ControllerWebMvc#getDocumentation(String, HttpServletRequest)
2023-03-31 21:01:20,697 DEBUG org.springframework.web.servlet.mvc.method.annotation.AbstractMessageConverterMethodProcessor [http-nio-8085-exec-10] Using 'application/json', given [application/json, */*] and supported [application/json, application/hal+json]
2023-03-31 21:01:20,699 DEBUG org.springframework.core.log.LogFormatUtils [http-nio-8085-exec-10] Writing [springfox.documentation.spring.web.json.Json@28a47560]
2023-03-31 21:01:20,701 DEBUG org.springframework.web.servlet.FrameworkServlet [http-nio-8085-exec-10] Completed 200 OK
2023-03-31 21:01:58,423 DEBUG org.springframework.core.log.LogFormatUtils [http-nio-8085-exec-4] POST "/pfe/students", parameters={}
2023-03-31 21:01:58,424 DEBUG org.springframework.web.servlet.handler.AbstractHandlerMapping [http-nio-8085-exec-4] Mapped to ma.pfe.controllers.StudentController#save(StudentDto)
2023-03-31 21:01:58,458 DEBUG org.springframework.core.log.LogFormatUtils [http-nio-8085-exec-4] Read "application/json;charset=UTF-8" to [StudentDto{id=10, name='h'}]
2023-03-31 21:01:58,460 DEBUG ma.pfe.controllers.StudentController [http-nio-8085-exec-4] start method save dto : StudentDto{id=10, name='h'} 
2023-03-31 21:01:58,461 DEBUG ma.pfe.services.StudentServiceImpl [http-nio-8085-exec-4] start method save dto : StudentDto{id=10, name='h'} 
2023-03-31 21:01:58,491 DEBUG org.springframework.web.servlet.FrameworkServlet [http-nio-8085-exec-4] Failed to complete request: org.springframework.orm.jpa.JpaSystemException: null id generated for:class ma.pfe.entities.StudentEntity; nested exception is org.hibernate.id.IdentifierGenerationException: null id generated for:class ma.pfe.entities.StudentEntity
2023-03-31 21:01:58,493 ERROR org.apache.juli.logging.DirectJDKLog [http-nio-8085-exec-4] Servlet.service() for servlet [dispatcherServlet] in context with path [/pfe] threw exception [Request processing failed; nested exception is org.springframework.orm.jpa.JpaSystemException: null id generated for:class ma.pfe.entities.StudentEntity; nested exception is org.hibernate.id.IdentifierGenerationException: null id generated for:class ma.pfe.entities.StudentEntity] with root cause
org.hibernate.id.IdentifierGenerationException: null id generated for:class ma.pfe.entities.StudentEntity
	at org.hibernate.event.internal.AbstractSaveEventListener.saveWithGeneratedId(AbstractSaveEventListener.java:117)
	at org.hibernate.event.internal.DefaultPersistEventListener.entityIsTransient(DefaultPersistEventListener.java:185)
	at org.hibernate.event.internal.DefaultPersistEventListener.onPersist(DefaultPersistEventListener.java:128)
	at org.hibernate.event.internal.DefaultPersistEventListener.onPersist(DefaultPersistEventListener.java:55)
	at org.hibernate.event.service.internal.EventListenerGroupImpl.fireEventOnEachListener(EventListenerGroupImpl.java:99)
	at org.hibernate.internal.SessionImpl.firePersist(SessionImpl.java:720)
	at org.hibernate.internal.SessionImpl.persist(SessionImpl.java:706)
	at java.base/jdk.internal.reflect.DirectMethodHandleAccessor.invoke(DirectMethodHandleAccessor.java:104)
	at java.base/java.lang.reflect.Method.invoke(Method.java:578)
	at org.springframework.orm.jpa.ExtendedEntityManagerCreator$ExtendedEntityManagerInvocationHandler.invoke(ExtendedEntityManagerCreator.java:362)
	at jdk.proxy2/jdk.proxy2.$Proxy93.persist(Unknown Source)
	at java.base/jdk.internal.reflect.DirectMethodHandleAccessor.invoke(DirectMethodHandleAccessor.java:104)
	at java.base/java.lang.reflect.Method.invoke(Method.java:578)
	at org.springframework.orm.jpa.SharedEntityManagerCreator$SharedEntityManagerInvocationHandler.invoke(SharedEntityManagerCreator.java:311)
	at jdk.proxy2/jdk.proxy2.$Proxy93.persist(Unknown Source)
	at org.springframework.data.jpa.repository.support.SimpleJpaRepository.save(SimpleJpaRepository.java:597)
	at java.base/jdk.internal.reflect.DirectMethodHandleAccessor.invoke(DirectMethodHandleAccessor.java:104)
	at java.base/java.lang.reflect.Method.invoke(Method.java:578)
	at org.springframework.data.repository.core.support.RepositoryMethodInvoker$RepositoryFragmentMethodInvoker.lambda$new$0(RepositoryMethodInvoker.java:289)
	at org.springframework.data.repository.core.support.RepositoryMethodInvoker.doInvoke(RepositoryMethodInvoker.java:137)
	at org.springframework.data.repository.core.support.RepositoryMethodInvoker.invoke(RepositoryMethodInvoker.java:121)
	at org.springframework.data.repository.core.support.RepositoryComposition$RepositoryFragments.invoke(RepositoryComposition.java:529)
	at org.springframework.data.repository.core.support.RepositoryComposition.invoke(RepositoryComposition.java:285)
	at org.springframework.data.repository.core.support.RepositoryFactorySupport$ImplementationMethodExecutionInterceptor.invoke(RepositoryFactorySupport.java:599)
	at org.springframework.aop.framework.ReflectiveMethodInvocation.proceed(ReflectiveMethodInvocation.java:186)
	at org.springframework.data.repository.core.support.QueryExecutorMethodInterceptor.doInvoke(QueryExecutorMethodInterceptor.java:163)
	at org.springframework.data.repository.core.support.QueryExecutorMethodInterceptor.invoke(QueryExecutorMethodInterceptor.java:138)
	at org.springframework.aop.framework.ReflectiveMethodInvocation.proceed(ReflectiveMethodInvocation.java:186)
	at org.springframework.data.projection.DefaultMethodInvokingMethodInterceptor.invoke(DefaultMethodInvokingMethodInterceptor.java:80)
	at org.springframework.aop.framework.ReflectiveMethodInvocation.proceed(ReflectiveMethodInvocation.java:186)
	at org.springframework.transaction.interceptor.TransactionInterceptor$1.proceedWithInvocation(TransactionInterceptor.java:123)
	at org.springframework.transaction.interceptor.TransactionAspectSupport.invokeWithinTransaction(TransactionAspectSupport.java:388)
	at org.springframework.transaction.interceptor.TransactionInterceptor.invoke(TransactionInterceptor.java:119)
	at org.springframework.aop.framework.ReflectiveMethodInvocation.proceed(ReflectiveMethodInvocation.java:186)
	at org.springframework.dao.support.PersistenceExceptionTranslationInterceptor.invoke(PersistenceExceptionTranslationInterceptor.java:137)
	at org.springframework.aop.framework.ReflectiveMethodInvocation.proceed(ReflectiveMethodInvocation.java:186)
	at org.springframework.data.jpa.repository.support.CrudMethodMetadataPostProcessor$CrudMethodMetadataPopulatingMethodInterceptor.invoke(CrudMethodMetadataPostProcessor.java:174)
	at org.springframework.aop.framework.ReflectiveMethodInvocation.proceed(ReflectiveMethodInvocation.java:186)
	at org.springframework.aop.interceptor.ExposeInvocationInterceptor.invoke(ExposeInvocationInterceptor.java:97)
	at org.springframework.aop.framework.ReflectiveMethodInvocation.proceed(ReflectiveMethodInvocation.java:186)
	at org.springframework.aop.framework.JdkDynamicAopProxy.invoke(JdkDynamicAopProxy.java:215)
	at jdk.proxy2/jdk.proxy2.$Proxy96.save(Unknown Source)
	at ma.pfe.services.StudentServiceImpl.save(StudentServiceImpl.java:29)
	at ma.pfe.controllers.StudentController.save(StudentController.java:27)
	at java.base/jdk.internal.reflect.DirectMethodHandleAccessor.invoke(DirectMethodHandleAccessor.java:104)
	at java.base/java.lang.reflect.Method.invoke(Method.java:578)
	at org.springframework.web.method.support.InvocableHandlerMethod.doInvoke(InvocableHandlerMethod.java:197)
	at org.springframework.web.method.support.InvocableHandlerMethod.invokeForRequest(InvocableHandlerMethod.java:141)
	at org.springframework.web.servlet.mvc.method.annotation.ServletInvocableHandlerMethod.invokeAndHandle(ServletInvocableHandlerMethod.java:106)
	at org.springframework.web.servlet.mvc.method.annotation.RequestMappingHandlerAdapter.invokeHandlerMethod(RequestMappingHandlerAdapter.java:894)
	at org.springframework.web.servlet.mvc.method.annotation.RequestMappingHandlerAdapter.handleInternal(RequestMappingHandlerAdapter.java:808)
	at org.springframework.web.servlet.mvc.method.AbstractHandlerMethodAdapter.handle(AbstractHandlerMethodAdapter.java:87)
	at org.springframework.web.servlet.DispatcherServlet.doDispatch(DispatcherServlet.java:1063)
	at org.springframework.web.servlet.DispatcherServlet.doService(DispatcherServlet.java:963)
	at org.springframework.web.servlet.FrameworkServlet.processRequest(FrameworkServlet.java:1006)
	at org.springframework.web.servlet.FrameworkServlet.doPost(FrameworkServlet.java:909)
	at javax.servlet.http.HttpServlet.service(HttpServlet.java:652)
	at org.springframework.web.servlet.FrameworkServlet.service(FrameworkServlet.java:883)
	at javax.servlet.http.HttpServlet.service(HttpServlet.java:733)
	at org.apache.catalina.core.ApplicationFilterChain.internalDoFilter(ApplicationFilterChain.java:227)
	at org.apache.catalina.core.ApplicationFilterChain.doFilter(ApplicationFilterChain.java:162)
	at org.apache.tomcat.websocket.server.WsFilter.doFilter(WsFilter.java:53)
	at org.apache.catalina.core.ApplicationFilterChain.internalDoFilter(ApplicationFilterChain.java:189)
	at org.apache.catalina.core.ApplicationFilterChain.doFilter(ApplicationFilterChain.java:162)
	at org.springframework.web.filter.RequestContextFilter.doFilterInternal(RequestContextFilter.java:100)
	at org.springframework.web.filter.OncePerRequestFilter.doFilter(OncePerRequestFilter.java:119)
	at org.apache.catalina.core.ApplicationFilterChain.internalDoFilter(ApplicationFilterChain.java:189)
	at org.apache.catalina.core.ApplicationFilterChain.doFilter(ApplicationFilterChain.java:162)
	at org.springframework.web.filter.FormContentFilter.doFilterInternal(FormContentFilter.java:93)
	at org.springframework.web.filter.OncePerRequestFilter.doFilter(OncePerRequestFilter.java:119)
	at org.apache.catalina.core.ApplicationFilterChain.internalDoFilter(ApplicationFilterChain.java:189)
	at org.apache.catalina.core.ApplicationFilterChain.doFilter(ApplicationFilterChain.java:162)
	at org.springframework.web.filter.CharacterEncodingFilter.doFilterInternal(CharacterEncodingFilter.java:201)
	at org.springframework.web.filter.OncePerRequestFilter.doFilter(OncePerRequestFilter.java:119)
	at org.apache.catalina.core.ApplicationFilterChain.internalDoFilter(ApplicationFilterChain.java:189)
	at org.apache.catalina.core.ApplicationFilterChain.doFilter(ApplicationFilterChain.java:162)
	at org.apache.catalina.core.StandardWrapperValve.invoke(StandardWrapperValve.java:202)
	at org.apache.catalina.core.StandardContextValve.invoke(StandardContextValve.java:97)
	at org.apache.catalina.authenticator.AuthenticatorBase.invoke(AuthenticatorBase.java:542)
	at org.apache.catalina.core.StandardHostValve.invoke(StandardHostValve.java:143)
	at org.apache.catalina.valves.ErrorReportValve.invoke(ErrorReportValve.java:92)
	at org.apache.catalina.core.StandardEngineValve.invoke(StandardEngineValve.java:78)
	at org.apache.catalina.connector.CoyoteAdapter.service(CoyoteAdapter.java:357)
	at org.apache.coyote.http11.Http11Processor.service(Http11Processor.java:374)
	at org.apache.coyote.AbstractProcessorLight.process(AbstractProcessorLight.java:65)
	at org.apache.coyote.AbstractProtocol$ConnectionHandler.process(AbstractProtocol.java:893)
	at org.apache.tomcat.util.net.NioEndpoint$SocketProcessor.doRun(NioEndpoint.java:1707)
	at org.apache.tomcat.util.net.SocketProcessorBase.run(SocketProcessorBase.java:49)
	at java.base/java.util.concurrent.ThreadPoolExecutor.runWorker(ThreadPoolExecutor.java:1144)
	at java.base/java.util.concurrent.ThreadPoolExecutor$Worker.run(ThreadPoolExecutor.java:642)
	at org.apache.tomcat.util.threads.TaskThread$WrappingRunnable.run(TaskThread.java:61)
	at java.base/java.lang.Thread.run(Thread.java:1589)
2023-03-31 21:01:58,495 DEBUG org.springframework.core.log.LogFormatUtils [http-nio-8085-exec-4] "ERROR" dispatch for POST "/pfe/error", parameters={}
2023-03-31 21:01:58,497 DEBUG org.springframework.web.servlet.handler.AbstractHandlerMapping [http-nio-8085-exec-4] Mapped to org.springframework.boot.autoconfigure.web.servlet.error.BasicErrorController#error(HttpServletRequest)
2023-03-31 21:01:58,499 DEBUG org.springframework.web.servlet.mvc.method.annotation.AbstractMessageConverterMethodProcessor [http-nio-8085-exec-4] Using 'application/json', given [*/*] and supported [application/json, application/*+json, application/json, application/*+json]
2023-03-31 21:01:58,500 DEBUG org.springframework.core.log.LogFormatUtils [http-nio-8085-exec-4] Writing [{timestamp=Fri Mar 31 21:01:58 WET 2023, status=500, error=Internal Server Error, path=/pfe/students (truncated)...]
2023-03-31 21:01:58,502 DEBUG org.springframework.web.servlet.FrameworkServlet [http-nio-8085-exec-4] Exiting from "ERROR" dispatch, status 500
2023-03-31 21:03:09,146 DEBUG org.springframework.core.log.LogFormatUtils [http-nio-8085-exec-7] GET "/pfe/swagger-ui/", parameters={}
2023-03-31 21:03:09,148 DEBUG org.springframework.web.servlet.handler.AbstractHandlerMapping [http-nio-8085-exec-7] Mapped to ParameterizableViewController [view="forward:/swagger-ui/index.html"]
2023-03-31 21:03:09,150 DEBUG org.springframework.web.servlet.view.ContentNegotiatingViewResolver [http-nio-8085-exec-7] Selected 'text/html' given [text/html, application/xhtml+xml, image/avif, image/webp, image/apng, application/xml;q=0.9, application/signed-exchange;v=b3;q=0.7, */*;q=0.8]
2023-03-31 21:03:09,150 DEBUG org.springframework.web.servlet.view.AbstractView [http-nio-8085-exec-7] View name 'forward:', model {}
2023-03-31 21:03:09,150 DEBUG org.springframework.web.servlet.view.InternalResourceView [http-nio-8085-exec-7] Forwarding to [/swagger-ui/index.html]
2023-03-31 21:03:09,151 DEBUG org.springframework.core.log.LogFormatUtils [http-nio-8085-exec-7] "FORWARD" dispatch for GET "/pfe/swagger-ui/index.html", parameters={}
2023-03-31 21:03:09,152 DEBUG org.springframework.web.servlet.handler.AbstractHandlerMapping [http-nio-8085-exec-7] Mapped to ResourceHttpRequestHandler [Classpath [META-INF/resources/webjars/springfox-swagger-ui/]]
2023-03-31 21:03:09,154 DEBUG org.springframework.web.servlet.FrameworkServlet [http-nio-8085-exec-7] Exiting from "FORWARD" dispatch, status 304
2023-03-31 21:03:09,155 DEBUG org.springframework.web.servlet.FrameworkServlet [http-nio-8085-exec-7] Completed 304 NOT_MODIFIED
2023-03-31 21:03:09,235 DEBUG org.springframework.core.log.LogFormatUtils [http-nio-8085-exec-8] GET "/pfe/swagger-resources/configuration/ui", parameters={}
2023-03-31 21:03:09,236 DEBUG org.springframework.web.servlet.handler.AbstractHandlerMapping [http-nio-8085-exec-8] Mapped to springfox.documentation.swagger.web.ApiResourceController#uiConfiguration()
2023-03-31 21:03:09,237 DEBUG org.springframework.web.servlet.mvc.method.annotation.AbstractMessageConverterMethodProcessor [http-nio-8085-exec-8] Using 'application/json', given [application/json] and supported [application/json]
2023-03-31 21:03:09,238 DEBUG org.springframework.core.log.LogFormatUtils [http-nio-8085-exec-8] Writing [springfox.documentation.swagger.web.UiConfiguration@7fbc3a1]
2023-03-31 21:03:09,238 DEBUG org.springframework.core.log.LogFormatUtils [http-nio-8085-exec-9] GET "/pfe/swagger-ui/favicon-32x32.png?v=3.0.0", parameters={masked}
2023-03-31 21:03:09,239 DEBUG org.springframework.web.servlet.FrameworkServlet [http-nio-8085-exec-8] Completed 200 OK
2023-03-31 21:03:09,240 DEBUG org.springframework.web.servlet.handler.AbstractHandlerMapping [http-nio-8085-exec-9] Mapped to ResourceHttpRequestHandler [Classpath [META-INF/resources/webjars/springfox-swagger-ui/]]
2023-03-31 21:03:09,242 DEBUG org.springframework.core.log.LogFormatUtils [http-nio-8085-exec-10] GET "/pfe/swagger-resources/configuration/security", parameters={}
2023-03-31 21:03:09,244 DEBUG org.springframework.web.servlet.handler.AbstractHandlerMapping [http-nio-8085-exec-10] Mapped to springfox.documentation.swagger.web.ApiResourceController#securityConfiguration()
2023-03-31 21:03:09,244 DEBUG org.springframework.web.servlet.FrameworkServlet [http-nio-8085-exec-9] Completed 200 OK
2023-03-31 21:03:09,245 DEBUG org.springframework.web.servlet.mvc.method.annotation.AbstractMessageConverterMethodProcessor [http-nio-8085-exec-10] Using 'application/json', given [application/json] and supported [application/json]
2023-03-31 21:03:09,246 DEBUG org.springframework.core.log.LogFormatUtils [http-nio-8085-exec-10] Writing [springfox.documentation.swagger.web.SecurityConfiguration@7731b613]
2023-03-31 21:03:09,248 DEBUG org.springframework.web.servlet.FrameworkServlet [http-nio-8085-exec-10] Completed 200 OK
2023-03-31 21:03:09,250 DEBUG org.springframework.core.log.LogFormatUtils [http-nio-8085-exec-6] GET "/pfe/swagger-resources", parameters={}
2023-03-31 21:03:09,251 DEBUG org.springframework.web.servlet.handler.AbstractHandlerMapping [http-nio-8085-exec-6] Mapped to springfox.documentation.swagger.web.ApiResourceController#swaggerResources()
2023-03-31 21:03:09,252 DEBUG org.springframework.web.servlet.mvc.method.annotation.AbstractMessageConverterMethodProcessor [http-nio-8085-exec-6] Using 'application/json', given [application/json] and supported [application/json]
2023-03-31 21:03:09,252 DEBUG org.springframework.core.log.LogFormatUtils [http-nio-8085-exec-6] Writing [[springfox.documentation.swagger.web.SwaggerResource@6394e6c2]]
2023-03-31 21:03:09,253 DEBUG org.springframework.web.servlet.FrameworkServlet [http-nio-8085-exec-6] Completed 200 OK
2023-03-31 21:03:09,273 DEBUG org.springframework.core.log.LogFormatUtils [http-nio-8085-exec-1] GET "/pfe/v2/api-docs", parameters={}
2023-03-31 21:03:09,274 DEBUG org.springframework.web.servlet.handler.AbstractHandlerMapping [http-nio-8085-exec-1] Mapped to springfox.documentation.swagger2.web.Swagger2ControllerWebMvc#getDocumentation(String, HttpServletRequest)
2023-03-31 21:03:09,280 DEBUG org.springframework.web.servlet.mvc.method.annotation.AbstractMessageConverterMethodProcessor [http-nio-8085-exec-1] Using 'application/json', given [application/json, */*] and supported [application/json, application/hal+json]
2023-03-31 21:03:09,281 DEBUG org.springframework.core.log.LogFormatUtils [http-nio-8085-exec-1] Writing [springfox.documentation.spring.web.json.Json@1090de68]
2023-03-31 21:03:09,282 DEBUG org.springframework.web.servlet.FrameworkServlet [http-nio-8085-exec-1] Completed 200 OK
2023-03-31 21:03:32,858 DEBUG org.springframework.core.log.LogFormatUtils [http-nio-8085-exec-5] POST "/pfe/students", parameters={}
2023-03-31 21:03:32,859 DEBUG org.springframework.web.servlet.handler.AbstractHandlerMapping [http-nio-8085-exec-5] Mapped to ma.pfe.controllers.StudentController#save(StudentDto)
2023-03-31 21:03:32,860 DEBUG org.springframework.core.log.LogFormatUtils [http-nio-8085-exec-5] Read "application/json;charset=UTF-8" to [StudentDto{id=10, name='string'}]
2023-03-31 21:03:32,861 DEBUG ma.pfe.controllers.StudentController [http-nio-8085-exec-5] start method save dto : StudentDto{id=10, name='string'} 
2023-03-31 21:03:32,861 DEBUG ma.pfe.services.StudentServiceImpl [http-nio-8085-exec-5] start method save dto : StudentDto{id=10, name='string'} 
2023-03-31 21:03:32,864 DEBUG org.springframework.web.servlet.FrameworkServlet [http-nio-8085-exec-5] Failed to complete request: org.springframework.orm.jpa.JpaSystemException: null id generated for:class ma.pfe.entities.StudentEntity; nested exception is org.hibernate.id.IdentifierGenerationException: null id generated for:class ma.pfe.entities.StudentEntity
2023-03-31 21:03:32,865 ERROR org.apache.juli.logging.DirectJDKLog [http-nio-8085-exec-5] Servlet.service() for servlet [dispatcherServlet] in context with path [/pfe] threw exception [Request processing failed; nested exception is org.springframework.orm.jpa.JpaSystemException: null id generated for:class ma.pfe.entities.StudentEntity; nested exception is org.hibernate.id.IdentifierGenerationException: null id generated for:class ma.pfe.entities.StudentEntity] with root cause
org.hibernate.id.IdentifierGenerationException: null id generated for:class ma.pfe.entities.StudentEntity
	at org.hibernate.event.internal.AbstractSaveEventListener.saveWithGeneratedId(AbstractSaveEventListener.java:117)
	at org.hibernate.event.internal.DefaultPersistEventListener.entityIsTransient(DefaultPersistEventListener.java:185)
	at org.hibernate.event.internal.DefaultPersistEventListener.onPersist(DefaultPersistEventListener.java:128)
	at org.hibernate.event.internal.DefaultPersistEventListener.onPersist(DefaultPersistEventListener.java:55)
	at org.hibernate.event.service.internal.EventListenerGroupImpl.fireEventOnEachListener(EventListenerGroupImpl.java:99)
	at org.hibernate.internal.SessionImpl.firePersist(SessionImpl.java:720)
	at org.hibernate.internal.SessionImpl.persist(SessionImpl.java:706)
	at java.base/jdk.internal.reflect.DirectMethodHandleAccessor.invoke(DirectMethodHandleAccessor.java:104)
	at java.base/java.lang.reflect.Method.invoke(Method.java:578)
	at org.springframework.orm.jpa.ExtendedEntityManagerCreator$ExtendedEntityManagerInvocationHandler.invoke(ExtendedEntityManagerCreator.java:362)
	at jdk.proxy2/jdk.proxy2.$Proxy93.persist(Unknown Source)
	at java.base/jdk.internal.reflect.DirectMethodHandleAccessor.invoke(DirectMethodHandleAccessor.java:104)
	at java.base/java.lang.reflect.Method.invoke(Method.java:578)
	at org.springframework.orm.jpa.SharedEntityManagerCreator$SharedEntityManagerInvocationHandler.invoke(SharedEntityManagerCreator.java:311)
	at jdk.proxy2/jdk.proxy2.$Proxy93.persist(Unknown Source)
	at org.springframework.data.jpa.repository.support.SimpleJpaRepository.save(SimpleJpaRepository.java:597)
	at java.base/jdk.internal.reflect.DirectMethodHandleAccessor.invoke(DirectMethodHandleAccessor.java:104)
	at java.base/java.lang.reflect.Method.invoke(Method.java:578)
	at org.springframework.data.repository.core.support.RepositoryMethodInvoker$RepositoryFragmentMethodInvoker.lambda$new$0(RepositoryMethodInvoker.java:289)
	at org.springframework.data.repository.core.support.RepositoryMethodInvoker.doInvoke(RepositoryMethodInvoker.java:137)
	at org.springframework.data.repository.core.support.RepositoryMethodInvoker.invoke(RepositoryMethodInvoker.java:121)
	at org.springframework.data.repository.core.support.RepositoryComposition$RepositoryFragments.invoke(RepositoryComposition.java:529)
	at org.springframework.data.repository.core.support.RepositoryComposition.invoke(RepositoryComposition.java:285)
	at org.springframework.data.repository.core.support.RepositoryFactorySupport$ImplementationMethodExecutionInterceptor.invoke(RepositoryFactorySupport.java:599)
	at org.springframework.aop.framework.ReflectiveMethodInvocation.proceed(ReflectiveMethodInvocation.java:186)
	at org.springframework.data.repository.core.support.QueryExecutorMethodInterceptor.doInvoke(QueryExecutorMethodInterceptor.java:163)
	at org.springframework.data.repository.core.support.QueryExecutorMethodInterceptor.invoke(QueryExecutorMethodInterceptor.java:138)
	at org.springframework.aop.framework.ReflectiveMethodInvocation.proceed(ReflectiveMethodInvocation.java:186)
	at org.springframework.data.projection.DefaultMethodInvokingMethodInterceptor.invoke(DefaultMethodInvokingMethodInterceptor.java:80)
	at org.springframework.aop.framework.ReflectiveMethodInvocation.proceed(ReflectiveMethodInvocation.java:186)
	at org.springframework.transaction.interceptor.TransactionInterceptor$1.proceedWithInvocation(TransactionInterceptor.java:123)
	at org.springframework.transaction.interceptor.TransactionAspectSupport.invokeWithinTransaction(TransactionAspectSupport.java:388)
	at org.springframework.transaction.interceptor.TransactionInterceptor.invoke(TransactionInterceptor.java:119)
	at org.springframework.aop.framework.ReflectiveMethodInvocation.proceed(ReflectiveMethodInvocation.java:186)
	at org.springframework.dao.support.PersistenceExceptionTranslationInterceptor.invoke(PersistenceExceptionTranslationInterceptor.java:137)
	at org.springframework.aop.framework.ReflectiveMethodInvocation.proceed(ReflectiveMethodInvocation.java:186)
	at org.springframework.data.jpa.repository.support.CrudMethodMetadataPostProcessor$CrudMethodMetadataPopulatingMethodInterceptor.invoke(CrudMethodMetadataPostProcessor.java:174)
	at org.springframework.aop.framework.ReflectiveMethodInvocation.proceed(ReflectiveMethodInvocation.java:186)
	at org.springframework.aop.interceptor.ExposeInvocationInterceptor.invoke(ExposeInvocationInterceptor.java:97)
	at org.springframework.aop.framework.ReflectiveMethodInvocation.proceed(ReflectiveMethodInvocation.java:186)
	at org.springframework.aop.framework.JdkDynamicAopProxy.invoke(JdkDynamicAopProxy.java:215)
	at jdk.proxy2/jdk.proxy2.$Proxy96.save(Unknown Source)
	at ma.pfe.services.StudentServiceImpl.save(StudentServiceImpl.java:29)
	at ma.pfe.controllers.StudentController.save(StudentController.java:27)
	at java.base/jdk.internal.reflect.DirectMethodHandleAccessor.invoke(DirectMethodHandleAccessor.java:104)
	at java.base/java.lang.reflect.Method.invoke(Method.java:578)
	at org.springframework.web.method.support.InvocableHandlerMethod.doInvoke(InvocableHandlerMethod.java:197)
	at org.springframework.web.method.support.InvocableHandlerMethod.invokeForRequest(InvocableHandlerMethod.java:141)
	at org.springframework.web.servlet.mvc.method.annotation.ServletInvocableHandlerMethod.invokeAndHandle(ServletInvocableHandlerMethod.java:106)
	at org.springframework.web.servlet.mvc.method.annotation.RequestMappingHandlerAdapter.invokeHandlerMethod(RequestMappingHandlerAdapter.java:894)
	at org.springframework.web.servlet.mvc.method.annotation.RequestMappingHandlerAdapter.handleInternal(RequestMappingHandlerAdapter.java:808)
	at org.springframework.web.servlet.mvc.method.AbstractHandlerMethodAdapter.handle(AbstractHandlerMethodAdapter.java:87)
	at org.springframework.web.servlet.DispatcherServlet.doDispatch(DispatcherServlet.java:1063)
	at org.springframework.web.servlet.DispatcherServlet.doService(DispatcherServlet.java:963)
	at org.springframework.web.servlet.FrameworkServlet.processRequest(FrameworkServlet.java:1006)
	at org.springframework.web.servlet.FrameworkServlet.doPost(FrameworkServlet.java:909)
	at javax.servlet.http.HttpServlet.service(HttpServlet.java:652)
	at org.springframework.web.servlet.FrameworkServlet.service(FrameworkServlet.java:883)
	at javax.servlet.http.HttpServlet.service(HttpServlet.java:733)
	at org.apache.catalina.core.ApplicationFilterChain.internalDoFilter(ApplicationFilterChain.java:227)
	at org.apache.catalina.core.ApplicationFilterChain.doFilter(ApplicationFilterChain.java:162)
	at org.apache.tomcat.websocket.server.WsFilter.doFilter(WsFilter.java:53)
	at org.apache.catalina.core.ApplicationFilterChain.internalDoFilter(ApplicationFilterChain.java:189)
	at org.apache.catalina.core.ApplicationFilterChain.doFilter(ApplicationFilterChain.java:162)
	at org.springframework.web.filter.RequestContextFilter.doFilterInternal(RequestContextFilter.java:100)
	at org.springframework.web.filter.OncePerRequestFilter.doFilter(OncePerRequestFilter.java:119)
	at org.apache.catalina.core.ApplicationFilterChain.internalDoFilter(ApplicationFilterChain.java:189)
	at org.apache.catalina.core.ApplicationFilterChain.doFilter(ApplicationFilterChain.java:162)
	at org.springframework.web.filter.FormContentFilter.doFilterInternal(FormContentFilter.java:93)
	at org.springframework.web.filter.OncePerRequestFilter.doFilter(OncePerRequestFilter.java:119)
	at org.apache.catalina.core.ApplicationFilterChain.internalDoFilter(ApplicationFilterChain.java:189)
	at org.apache.catalina.core.ApplicationFilterChain.doFilter(ApplicationFilterChain.java:162)
	at org.springframework.web.filter.CharacterEncodingFilter.doFilterInternal(CharacterEncodingFilter.java:201)
	at org.springframework.web.filter.OncePerRequestFilter.doFilter(OncePerRequestFilter.java:119)
	at org.apache.catalina.core.ApplicationFilterChain.internalDoFilter(ApplicationFilterChain.java:189)
	at org.apache.catalina.core.ApplicationFilterChain.doFilter(ApplicationFilterChain.java:162)
	at org.apache.catalina.core.StandardWrapperValve.invoke(StandardWrapperValve.java:202)
	at org.apache.catalina.core.StandardContextValve.invoke(StandardContextValve.java:97)
	at org.apache.catalina.authenticator.AuthenticatorBase.invoke(AuthenticatorBase.java:542)
	at org.apache.catalina.core.StandardHostValve.invoke(StandardHostValve.java:143)
	at org.apache.catalina.valves.ErrorReportValve.invoke(ErrorReportValve.java:92)
	at org.apache.catalina.core.StandardEngineValve.invoke(StandardEngineValve.java:78)
	at org.apache.catalina.connector.CoyoteAdapter.service(CoyoteAdapter.java:357)
	at org.apache.coyote.http11.Http11Processor.service(Http11Processor.java:374)
	at org.apache.coyote.AbstractProcessorLight.process(AbstractProcessorLight.java:65)
	at org.apache.coyote.AbstractProtocol$ConnectionHandler.process(AbstractProtocol.java:893)
	at org.apache.tomcat.util.net.NioEndpoint$SocketProcessor.doRun(NioEndpoint.java:1707)
	at org.apache.tomcat.util.net.SocketProcessorBase.run(SocketProcessorBase.java:49)
	at java.base/java.util.concurrent.ThreadPoolExecutor.runWorker(ThreadPoolExecutor.java:1144)
	at java.base/java.util.concurrent.ThreadPoolExecutor$Worker.run(ThreadPoolExecutor.java:642)
	at org.apache.tomcat.util.threads.TaskThread$WrappingRunnable.run(TaskThread.java:61)
	at java.base/java.lang.Thread.run(Thread.java:1589)
2023-03-31 21:03:32,867 DEBUG org.springframework.core.log.LogFormatUtils [http-nio-8085-exec-5] "ERROR" dispatch for POST "/pfe/error", parameters={}
2023-03-31 21:03:32,869 DEBUG org.springframework.web.servlet.handler.AbstractHandlerMapping [http-nio-8085-exec-5] Mapped to org.springframework.boot.autoconfigure.web.servlet.error.BasicErrorController#error(HttpServletRequest)
2023-03-31 21:03:32,871 DEBUG org.springframework.web.servlet.mvc.method.annotation.AbstractMessageConverterMethodProcessor [http-nio-8085-exec-5] Using 'application/json', given [*/*] and supported [application/json, application/*+json, application/json, application/*+json]
2023-03-31 21:03:32,872 DEBUG org.springframework.core.log.LogFormatUtils [http-nio-8085-exec-5] Writing [{timestamp=Fri Mar 31 21:03:32 WET 2023, status=500, error=Internal Server Error, path=/pfe/students (truncated)...]
2023-03-31 21:03:32,876 DEBUG org.springframework.web.servlet.FrameworkServlet [http-nio-8085-exec-5] Exiting from "ERROR" dispatch, status 500
2023-03-31 21:04:24,237 INFO org.springframework.orm.jpa.AbstractEntityManagerFactoryBean [SpringApplicationShutdownHook] Closing JPA EntityManagerFactory for persistence unit 'default'
2023-03-31 21:04:24,239 INFO com.zaxxer.hikari.HikariDataSource [SpringApplicationShutdownHook] HikariPool-1 - Shutdown initiated...
2023-03-31 21:04:24,244 INFO com.zaxxer.hikari.HikariDataSource [SpringApplicationShutdownHook] HikariPool-1 - Shutdown completed.
2023-03-31 21:05:15,784 INFO org.springframework.boot.StartupInfoLogger [main] Starting PFEApplication using Java 19 on HAMZA-HASNAOUI with PID 1944 (C:\Users\user\Desktop\PFE1\PFEProject\target\classes started by user in C:\Users\user\Desktop\PFE1\PFEProject)
2023-03-31 21:05:15,786 DEBUG org.springframework.boot.StartupInfoLogger [main] Running with Spring Boot v2.5.1, Spring v5.3.8
2023-03-31 21:05:15,786 INFO org.springframework.boot.SpringApplication [main] The following profiles are active: local
2023-03-31 21:05:16,678 INFO org.springframework.data.repository.config.RepositoryConfigurationDelegate [main] Bootstrapping Spring Data JPA repositories in DEFAULT mode.
2023-03-31 21:05:16,748 INFO org.springframework.data.repository.config.RepositoryConfigurationDelegate [main] Finished Spring Data repository scanning in 56 ms. Found 1 JPA repository interfaces.
2023-03-31 21:05:17,454 INFO org.springframework.boot.web.embedded.tomcat.TomcatWebServer [main] Tomcat initialized with port(s): 8085 (http)
2023-03-31 21:05:17,469 INFO org.apache.juli.logging.DirectJDKLog [main] Initializing ProtocolHandler ["http-nio-8085"]
2023-03-31 21:05:17,470 INFO org.apache.juli.logging.DirectJDKLog [main] Starting service [Tomcat]
2023-03-31 21:05:17,471 INFO org.apache.juli.logging.DirectJDKLog [main] Starting Servlet engine: [Apache Tomcat/9.0.46]
2023-03-31 21:05:17,568 INFO org.apache.juli.logging.DirectJDKLog [main] Initializing Spring embedded WebApplicationContext
2023-03-31 21:05:17,568 INFO org.springframework.boot.web.servlet.context.ServletWebServerApplicationContext [main] Root WebApplicationContext: initialization completed in 1731 ms
2023-03-31 21:05:17,660 INFO com.zaxxer.hikari.HikariDataSource [main] HikariPool-1 - Starting...
2023-03-31 21:05:17,846 INFO com.zaxxer.hikari.pool.PoolBase [main] HikariPool-1 - Driver does not support get/set network timeout for connections. (Receiver class com.mysql.jdbc.JDBC4Connection does not define or inherit an implementation of the resolved method 'abstract int getNetworkTimeout()' of interface java.sql.Connection.)
2023-03-31 21:05:17,849 INFO com.zaxxer.hikari.HikariDataSource [main] HikariPool-1 - Start completed.
2023-03-31 21:05:19,085 INFO org.springframework.orm.jpa.AbstractEntityManagerFactoryBean [main] Initialized JPA EntityManagerFactory for persistence unit 'default'
2023-03-31 21:05:19,570 WARN org.springframework.boot.autoconfigure.orm.jpa.JpaBaseConfiguration$JpaWebConfiguration [main] spring.jpa.open-in-view is enabled by default. Therefore, database queries may be performed during view rendering. Explicitly configure spring.jpa.open-in-view to disable this warning
2023-03-31 21:05:19,652 DEBUG org.springframework.web.servlet.handler.AbstractHandlerMethodMapping [main] 11 mappings in 'requestMappingHandlerMapping'
2023-03-31 21:05:19,815 DEBUG org.springframework.web.servlet.mvc.method.annotation.RequestMappingHandlerAdapter [main] ControllerAdvice beans: 0 @ModelAttribute, 0 @InitBinder, 1 RequestBodyAdvice, 1 ResponseBodyAdvice
2023-03-31 21:05:19,850 DEBUG org.springframework.web.servlet.handler.SimpleUrlHandlerMapping [main] Patterns [/swagger-ui/] in 'viewControllerHandlerMapping'
2023-03-31 21:05:19,867 DEBUG org.springframework.web.servlet.handler.SimpleUrlHandlerMapping [main] Patterns [/webjars/**, /**, /swagger-ui/**] in 'resourceHandlerMapping'
2023-03-31 21:05:19,876 DEBUG org.springframework.web.servlet.mvc.method.annotation.ExceptionHandlerExceptionResolver [main] ControllerAdvice beans: 0 @ExceptionHandler, 1 ResponseBodyAdvice
2023-03-31 21:05:19,952 INFO org.apache.juli.logging.DirectJDKLog [main] Starting ProtocolHandler ["http-nio-8085"]
2023-03-31 21:05:19,993 INFO org.springframework.boot.web.embedded.tomcat.TomcatWebServer [main] Tomcat started on port(s): 8085 (http) with context path '/pfe'
2023-03-31 21:05:20,194 INFO org.springframework.boot.StartupInfoLogger [main] Started PFEApplication in 4.926 seconds (JVM running for 5.564)
2023-03-31 21:05:20,198 INFO ma.pfe.PFEApplication [main] Access URLs:
----------------------------------------------------------
	Local: 		http://127.0.0.1:8085/pfe/swagger-ui/#/
	External: 	http://192.168.1.40:8085/pfe/swagger-ui/#/
----------------------------------------------------------
2023-03-31 21:05:25,296 INFO org.apache.juli.logging.DirectJDKLog [http-nio-8085-exec-1] Initializing Spring DispatcherServlet 'dispatcherServlet'
2023-03-31 21:05:25,297 INFO org.springframework.web.servlet.FrameworkServlet [http-nio-8085-exec-1] Initializing Servlet 'dispatcherServlet'
2023-03-31 21:05:25,297 DEBUG org.springframework.web.servlet.DispatcherServlet [http-nio-8085-exec-1] Detected StandardServletMultipartResolver
2023-03-31 21:05:25,297 DEBUG org.springframework.web.servlet.DispatcherServlet [http-nio-8085-exec-1] Detected AcceptHeaderLocaleResolver
2023-03-31 21:05:25,297 DEBUG org.springframework.web.servlet.DispatcherServlet [http-nio-8085-exec-1] Detected FixedThemeResolver
2023-03-31 21:05:25,298 DEBUG org.springframework.web.servlet.DispatcherServlet [http-nio-8085-exec-1] Detected org.springframework.web.servlet.view.DefaultRequestToViewNameTranslator@404566e7
2023-03-31 21:05:25,298 DEBUG org.springframework.web.servlet.DispatcherServlet [http-nio-8085-exec-1] Detected org.springframework.web.servlet.support.SessionFlashMapManager@7e84af34
2023-03-31 21:05:25,298 DEBUG org.springframework.web.servlet.FrameworkServlet [http-nio-8085-exec-1] enableLoggingRequestDetails='false': request parameters and headers will be masked to prevent unsafe logging of potentially sensitive data
2023-03-31 21:05:25,299 INFO org.springframework.web.servlet.FrameworkServlet [http-nio-8085-exec-1] Completed initialization in 2 ms
2023-03-31 21:05:25,308 DEBUG org.springframework.core.log.LogFormatUtils [http-nio-8085-exec-1] GET "/pfe/swagger-ui/", parameters={}
2023-03-31 21:05:25,315 DEBUG org.springframework.web.servlet.handler.AbstractHandlerMapping [http-nio-8085-exec-1] Mapped to ParameterizableViewController [view="forward:/swagger-ui/index.html"]
2023-03-31 21:05:25,321 DEBUG org.springframework.web.servlet.view.ContentNegotiatingViewResolver [http-nio-8085-exec-1] Selected 'text/html' given [text/html, application/xhtml+xml, image/avif, image/webp, image/apng, application/xml;q=0.9, application/signed-exchange;v=b3;q=0.7, */*;q=0.8]
2023-03-31 21:05:25,322 DEBUG org.springframework.web.servlet.view.AbstractView [http-nio-8085-exec-1] View name 'forward:', model {}
2023-03-31 21:05:25,323 DEBUG org.springframework.web.servlet.view.InternalResourceView [http-nio-8085-exec-1] Forwarding to [/swagger-ui/index.html]
2023-03-31 21:05:25,327 DEBUG org.springframework.core.log.LogFormatUtils [http-nio-8085-exec-1] "FORWARD" dispatch for GET "/pfe/swagger-ui/index.html", parameters={}
2023-03-31 21:05:25,329 DEBUG org.springframework.web.servlet.handler.AbstractHandlerMapping [http-nio-8085-exec-1] Mapped to ResourceHttpRequestHandler [Classpath [META-INF/resources/webjars/springfox-swagger-ui/]]
2023-03-31 21:05:25,331 DEBUG org.springframework.web.servlet.FrameworkServlet [http-nio-8085-exec-1] Exiting from "FORWARD" dispatch, status 304
2023-03-31 21:05:25,332 DEBUG org.springframework.web.servlet.FrameworkServlet [http-nio-8085-exec-1] Completed 304 NOT_MODIFIED
2023-03-31 21:05:25,399 DEBUG org.springframework.core.log.LogFormatUtils [http-nio-8085-exec-2] GET "/pfe/swagger-resources/configuration/ui", parameters={}
2023-03-31 21:05:25,402 DEBUG org.springframework.web.servlet.handler.AbstractHandlerMapping [http-nio-8085-exec-2] Mapped to springfox.documentation.swagger.web.ApiResourceController#uiConfiguration()
2023-03-31 21:05:25,431 DEBUG org.springframework.web.servlet.mvc.method.annotation.AbstractMessageConverterMethodProcessor [http-nio-8085-exec-2] Using 'application/json', given [application/json] and supported [application/json]
2023-03-31 21:05:25,457 DEBUG org.springframework.core.log.LogFormatUtils [http-nio-8085-exec-2] Writing [springfox.documentation.swagger.web.UiConfiguration@75d62370]
2023-03-31 21:05:25,471 DEBUG org.springframework.web.servlet.FrameworkServlet [http-nio-8085-exec-2] Completed 200 OK
2023-03-31 21:05:25,477 DEBUG org.springframework.core.log.LogFormatUtils [http-nio-8085-exec-3] GET "/pfe/swagger-resources/configuration/security", parameters={}
2023-03-31 21:05:25,478 DEBUG org.springframework.web.servlet.handler.AbstractHandlerMapping [http-nio-8085-exec-3] Mapped to springfox.documentation.swagger.web.ApiResourceController#securityConfiguration()
2023-03-31 21:05:25,478 DEBUG org.springframework.web.servlet.mvc.method.annotation.AbstractMessageConverterMethodProcessor [http-nio-8085-exec-3] Using 'application/json', given [application/json] and supported [application/json]
2023-03-31 21:05:25,480 DEBUG org.springframework.core.log.LogFormatUtils [http-nio-8085-exec-3] Writing [springfox.documentation.swagger.web.SecurityConfiguration@614b92b4]
2023-03-31 21:05:25,481 DEBUG org.springframework.web.servlet.FrameworkServlet [http-nio-8085-exec-3] Completed 200 OK
2023-03-31 21:05:25,487 DEBUG org.springframework.core.log.LogFormatUtils [http-nio-8085-exec-4] GET "/pfe/swagger-resources", parameters={}
2023-03-31 21:05:25,487 DEBUG org.springframework.web.servlet.handler.AbstractHandlerMapping [http-nio-8085-exec-4] Mapped to springfox.documentation.swagger.web.ApiResourceController#swaggerResources()
2023-03-31 21:05:25,488 DEBUG org.springframework.web.servlet.mvc.method.annotation.AbstractMessageConverterMethodProcessor [http-nio-8085-exec-4] Using 'application/json', given [application/json] and supported [application/json]
2023-03-31 21:05:25,489 DEBUG org.springframework.core.log.LogFormatUtils [http-nio-8085-exec-4] Writing [[springfox.documentation.swagger.web.SwaggerResource@2f801af]]
2023-03-31 21:05:25,493 DEBUG org.springframework.web.servlet.FrameworkServlet [http-nio-8085-exec-4] Completed 200 OK
2023-03-31 21:05:25,521 DEBUG org.springframework.core.log.LogFormatUtils [http-nio-8085-exec-5] GET "/pfe/v2/api-docs", parameters={}
2023-03-31 21:05:25,523 DEBUG org.springframework.web.servlet.handler.AbstractHandlerMapping [http-nio-8085-exec-5] Mapped to springfox.documentation.swagger2.web.Swagger2ControllerWebMvc#getDocumentation(String, HttpServletRequest)
2023-03-31 21:05:25,688 DEBUG org.springframework.web.servlet.mvc.method.annotation.AbstractMessageConverterMethodProcessor [http-nio-8085-exec-5] Using 'application/json', given [application/json, */*] and supported [application/json, application/hal+json]
2023-03-31 21:05:25,692 DEBUG org.springframework.core.log.LogFormatUtils [http-nio-8085-exec-5] Writing [springfox.documentation.spring.web.json.Json@3e0d5468]
2023-03-31 21:05:25,694 DEBUG org.springframework.web.servlet.FrameworkServlet [http-nio-8085-exec-5] Completed 200 OK
2023-03-31 21:05:42,228 DEBUG org.springframework.core.log.LogFormatUtils [http-nio-8085-exec-7] POST "/pfe/students", parameters={}
2023-03-31 21:05:42,229 DEBUG org.springframework.web.servlet.handler.AbstractHandlerMapping [http-nio-8085-exec-7] Mapped to ma.pfe.controllers.StudentController#save(StudentDto)
2023-03-31 21:05:42,254 DEBUG org.springframework.core.log.LogFormatUtils [http-nio-8085-exec-7] Read "application/json;charset=UTF-8" to [StudentDto{id=10, name='h'}]
2023-03-31 21:05:42,256 DEBUG ma.pfe.controllers.StudentController [http-nio-8085-exec-7] start method save dto : StudentDto{id=10, name='h'} 
2023-03-31 21:05:42,256 DEBUG ma.pfe.services.StudentServiceImpl [http-nio-8085-exec-7] start method save dto : StudentDto{id=10, name='h'} 
2023-03-31 21:05:42,340 DEBUG org.springframework.web.servlet.mvc.method.annotation.AbstractMessageConverterMethodProcessor [http-nio-8085-exec-7] Using 'application/json', given [*/*] and supported [application/json, application/*+json, application/json, application/*+json]
2023-03-31 21:05:42,340 DEBUG org.springframework.core.log.LogFormatUtils [http-nio-8085-exec-7] Writing [StudentDto{id=10, name='h'}]
2023-03-31 21:05:42,341 DEBUG org.springframework.web.servlet.FrameworkServlet [http-nio-8085-exec-7] Completed 200 OK
2023-03-31 21:55:48,232 INFO org.springframework.orm.jpa.AbstractEntityManagerFactoryBean [SpringApplicationShutdownHook] Closing JPA EntityManagerFactory for persistence unit 'default'
2023-03-31 21:55:48,270 INFO com.zaxxer.hikari.HikariDataSource [SpringApplicationShutdownHook] HikariPool-1 - Shutdown initiated...
2023-03-31 21:55:48,282 INFO com.zaxxer.hikari.HikariDataSource [SpringApplicationShutdownHook] HikariPool-1 - Shutdown completed.
2023-03-31 21:57:25,162 INFO org.springframework.boot.StartupInfoLogger [main] Starting PFEApplication using Java 19 on HAMZA-HASNAOUI with PID 4216 (C:\Users\user\Desktop\PFE1\PFEProject\target\classes started by user in C:\Users\user\Desktop\PFE1\PFEProject)
2023-03-31 21:57:25,165 DEBUG org.springframework.boot.StartupInfoLogger [main] Running with Spring Boot v2.5.1, Spring v5.3.8
2023-03-31 21:57:25,165 INFO org.springframework.boot.SpringApplication [main] The following profiles are active: local
2023-03-31 21:57:26,140 INFO org.springframework.data.repository.config.RepositoryConfigurationDelegate [main] Bootstrapping Spring Data JPA repositories in DEFAULT mode.
2023-03-31 21:57:26,205 INFO org.springframework.data.repository.config.RepositoryConfigurationDelegate [main] Finished Spring Data repository scanning in 51 ms. Found 1 JPA repository interfaces.
2023-03-31 21:57:26,956 INFO org.springframework.boot.web.embedded.tomcat.TomcatWebServer [main] Tomcat initialized with port(s): 8085 (http)
2023-03-31 21:57:26,968 INFO org.apache.juli.logging.DirectJDKLog [main] Initializing ProtocolHandler ["http-nio-8085"]
2023-03-31 21:57:26,969 INFO org.apache.juli.logging.DirectJDKLog [main] Starting service [Tomcat]
2023-03-31 21:57:26,970 INFO org.apache.juli.logging.DirectJDKLog [main] Starting Servlet engine: [Apache Tomcat/9.0.46]
2023-03-31 21:57:27,058 INFO org.apache.juli.logging.DirectJDKLog [main] Initializing Spring embedded WebApplicationContext
2023-03-31 21:57:27,058 INFO org.springframework.boot.web.servlet.context.ServletWebServerApplicationContext [main] Root WebApplicationContext: initialization completed in 1836 ms
2023-03-31 21:57:27,156 INFO com.zaxxer.hikari.HikariDataSource [main] HikariPool-1 - Starting...
2023-03-31 21:57:27,332 INFO com.zaxxer.hikari.pool.PoolBase [main] HikariPool-1 - Driver does not support get/set network timeout for connections. (Receiver class com.mysql.jdbc.JDBC4Connection does not define or inherit an implementation of the resolved method 'abstract int getNetworkTimeout()' of interface java.sql.Connection.)
2023-03-31 21:57:27,334 INFO com.zaxxer.hikari.HikariDataSource [main] HikariPool-1 - Start completed.
2023-03-31 21:57:28,746 INFO org.springframework.orm.jpa.AbstractEntityManagerFactoryBean [main] Initialized JPA EntityManagerFactory for persistence unit 'default'
2023-03-31 21:57:29,243 WARN org.springframework.boot.autoconfigure.orm.jpa.JpaBaseConfiguration$JpaWebConfiguration [main] spring.jpa.open-in-view is enabled by default. Therefore, database queries may be performed during view rendering. Explicitly configure spring.jpa.open-in-view to disable this warning
2023-03-31 21:57:29,329 DEBUG org.springframework.web.servlet.handler.AbstractHandlerMethodMapping [main] 11 mappings in 'requestMappingHandlerMapping'
2023-03-31 21:57:29,518 DEBUG org.springframework.web.servlet.mvc.method.annotation.RequestMappingHandlerAdapter [main] ControllerAdvice beans: 0 @ModelAttribute, 0 @InitBinder, 1 RequestBodyAdvice, 1 ResponseBodyAdvice
2023-03-31 21:57:29,554 DEBUG org.springframework.web.servlet.handler.SimpleUrlHandlerMapping [main] Patterns [/swagger-ui/] in 'viewControllerHandlerMapping'
2023-03-31 21:57:29,571 DEBUG org.springframework.web.servlet.handler.SimpleUrlHandlerMapping [main] Patterns [/webjars/**, /**, /swagger-ui/**] in 'resourceHandlerMapping'
2023-03-31 21:57:29,578 DEBUG org.springframework.web.servlet.mvc.method.annotation.ExceptionHandlerExceptionResolver [main] ControllerAdvice beans: 0 @ExceptionHandler, 1 ResponseBodyAdvice
2023-03-31 21:57:29,654 INFO org.apache.juli.logging.DirectJDKLog [main] Starting ProtocolHandler ["http-nio-8085"]
2023-03-31 21:57:29,701 INFO org.springframework.boot.web.embedded.tomcat.TomcatWebServer [main] Tomcat started on port(s): 8085 (http) with context path '/pfe'
2023-03-31 21:57:29,985 INFO org.springframework.boot.StartupInfoLogger [main] Started PFEApplication in 5.375 seconds (JVM running for 6.129)
2023-03-31 21:57:29,989 INFO ma.pfe.PFEApplication [main] Access URLs:
----------------------------------------------------------
	Local: 		http://127.0.0.1:8085/pfe/swagger-ui/#/
	External: 	http://192.168.1.40:8085/pfe/swagger-ui/#/
----------------------------------------------------------
2023-03-31 21:57:32,573 INFO org.apache.juli.logging.DirectJDKLog [http-nio-8085-exec-2] Initializing Spring DispatcherServlet 'dispatcherServlet'
2023-03-31 21:57:32,573 INFO org.springframework.web.servlet.FrameworkServlet [http-nio-8085-exec-2] Initializing Servlet 'dispatcherServlet'
2023-03-31 21:57:32,573 DEBUG org.springframework.web.servlet.DispatcherServlet [http-nio-8085-exec-2] Detected StandardServletMultipartResolver
2023-03-31 21:57:32,573 DEBUG org.springframework.web.servlet.DispatcherServlet [http-nio-8085-exec-2] Detected AcceptHeaderLocaleResolver
2023-03-31 21:57:32,574 DEBUG org.springframework.web.servlet.DispatcherServlet [http-nio-8085-exec-2] Detected FixedThemeResolver
2023-03-31 21:57:32,574 DEBUG org.springframework.web.servlet.DispatcherServlet [http-nio-8085-exec-2] Detected org.springframework.web.servlet.view.DefaultRequestToViewNameTranslator@65dd2191
2023-03-31 21:57:32,574 DEBUG org.springframework.web.servlet.DispatcherServlet [http-nio-8085-exec-2] Detected org.springframework.web.servlet.support.SessionFlashMapManager@2178d296
2023-03-31 21:57:32,575 DEBUG org.springframework.web.servlet.FrameworkServlet [http-nio-8085-exec-2] enableLoggingRequestDetails='false': request parameters and headers will be masked to prevent unsafe logging of potentially sensitive data
2023-03-31 21:57:32,575 INFO org.springframework.web.servlet.FrameworkServlet [http-nio-8085-exec-2] Completed initialization in 2 ms
2023-03-31 21:57:32,585 DEBUG org.springframework.core.log.LogFormatUtils [http-nio-8085-exec-1] GET "/pfe/swagger-ui/swagger-ui-standalone-preset.js?v=3.0.0", parameters={masked}
2023-03-31 21:57:32,585 DEBUG org.springframework.core.log.LogFormatUtils [http-nio-8085-exec-2] GET "/pfe/swagger-ui/springfox.js?v=3.0.0", parameters={masked}
2023-03-31 21:57:32,585 DEBUG org.springframework.core.log.LogFormatUtils [http-nio-8085-exec-3] GET "/pfe/swagger-ui/swagger-ui-bundle.js?v=3.0.0", parameters={masked}
2023-03-31 21:57:32,592 DEBUG org.springframework.web.servlet.handler.AbstractHandlerMapping [http-nio-8085-exec-2] Mapped to ResourceHttpRequestHandler [Classpath [META-INF/resources/webjars/springfox-swagger-ui/]]
2023-03-31 21:57:32,592 DEBUG org.springframework.web.servlet.handler.AbstractHandlerMapping [http-nio-8085-exec-1] Mapped to ResourceHttpRequestHandler [Classpath [META-INF/resources/webjars/springfox-swagger-ui/]]
2023-03-31 21:57:32,592 DEBUG org.springframework.web.servlet.handler.AbstractHandlerMapping [http-nio-8085-exec-3] Mapped to ResourceHttpRequestHandler [Classpath [META-INF/resources/webjars/springfox-swagger-ui/]]
2023-03-31 21:57:32,634 DEBUG org.springframework.web.servlet.FrameworkServlet [http-nio-8085-exec-2] Completed 200 OK
2023-03-31 21:57:32,661 DEBUG org.springframework.web.servlet.FrameworkServlet [http-nio-8085-exec-1] Completed 200 OK
2023-03-31 21:57:32,691 DEBUG org.springframework.web.servlet.FrameworkServlet [http-nio-8085-exec-3] Completed 200 OK
2023-03-31 21:57:32,886 DEBUG org.springframework.core.log.LogFormatUtils [http-nio-8085-exec-4] GET "/pfe/swagger-resources/configuration/ui", parameters={}
2023-03-31 21:57:32,888 DEBUG org.springframework.web.servlet.handler.AbstractHandlerMapping [http-nio-8085-exec-4] Mapped to springfox.documentation.swagger.web.ApiResourceController#uiConfiguration()
2023-03-31 21:57:32,902 DEBUG org.springframework.web.servlet.mvc.method.annotation.AbstractMessageConverterMethodProcessor [http-nio-8085-exec-4] Using 'application/json', given [application/json] and supported [application/json]
2023-03-31 21:57:32,927 DEBUG org.springframework.core.log.LogFormatUtils [http-nio-8085-exec-4] Writing [springfox.documentation.swagger.web.UiConfiguration@5a3e2f53]
2023-03-31 21:57:32,935 DEBUG org.springframework.web.servlet.FrameworkServlet [http-nio-8085-exec-4] Completed 200 OK
2023-03-31 21:57:32,939 DEBUG org.springframework.core.log.LogFormatUtils [http-nio-8085-exec-5] GET "/pfe/swagger-resources/configuration/security", parameters={}
2023-03-31 21:57:32,941 DEBUG org.springframework.web.servlet.handler.AbstractHandlerMapping [http-nio-8085-exec-5] Mapped to springfox.documentation.swagger.web.ApiResourceController#securityConfiguration()
2023-03-31 21:57:32,942 DEBUG org.springframework.web.servlet.mvc.method.annotation.AbstractMessageConverterMethodProcessor [http-nio-8085-exec-5] Using 'application/json', given [application/json] and supported [application/json]
2023-03-31 21:57:32,944 DEBUG org.springframework.core.log.LogFormatUtils [http-nio-8085-exec-5] Writing [springfox.documentation.swagger.web.SecurityConfiguration@7e1145de]
2023-03-31 21:57:32,946 DEBUG org.springframework.web.servlet.FrameworkServlet [http-nio-8085-exec-5] Completed 200 OK
2023-03-31 21:57:32,951 DEBUG org.springframework.core.log.LogFormatUtils [http-nio-8085-exec-6] GET "/pfe/swagger-resources", parameters={}
2023-03-31 21:57:32,951 DEBUG org.springframework.web.servlet.handler.AbstractHandlerMapping [http-nio-8085-exec-6] Mapped to springfox.documentation.swagger.web.ApiResourceController#swaggerResources()
2023-03-31 21:57:32,952 DEBUG org.springframework.web.servlet.mvc.method.annotation.AbstractMessageConverterMethodProcessor [http-nio-8085-exec-6] Using 'application/json', given [application/json] and supported [application/json]
2023-03-31 21:57:32,953 DEBUG org.springframework.core.log.LogFormatUtils [http-nio-8085-exec-6] Writing [[springfox.documentation.swagger.web.SwaggerResource@2d3ed07b]]
2023-03-31 21:57:32,957 DEBUG org.springframework.web.servlet.FrameworkServlet [http-nio-8085-exec-6] Completed 200 OK
2023-03-31 21:57:32,986 DEBUG org.springframework.core.log.LogFormatUtils [http-nio-8085-exec-7] GET "/pfe/v2/api-docs", parameters={}
2023-03-31 21:57:32,986 DEBUG org.springframework.web.servlet.handler.AbstractHandlerMapping [http-nio-8085-exec-7] Mapped to springfox.documentation.swagger2.web.Swagger2ControllerWebMvc#getDocumentation(String, HttpServletRequest)
2023-03-31 21:57:33,260 DEBUG org.springframework.web.servlet.mvc.method.annotation.AbstractMessageConverterMethodProcessor [http-nio-8085-exec-7] Using 'application/json', given [application/json, */*] and supported [application/json, application/hal+json]
2023-03-31 21:57:33,266 DEBUG org.springframework.core.log.LogFormatUtils [http-nio-8085-exec-7] Writing [springfox.documentation.spring.web.json.Json@1ae6b6f4]
2023-03-31 21:57:33,268 DEBUG org.springframework.web.servlet.FrameworkServlet [http-nio-8085-exec-7] Completed 200 OK
2023-03-31 22:00:38,614 INFO org.springframework.orm.jpa.AbstractEntityManagerFactoryBean [SpringApplicationShutdownHook] Closing JPA EntityManagerFactory for persistence unit 'default'
2023-03-31 22:00:38,622 INFO com.zaxxer.hikari.HikariDataSource [SpringApplicationShutdownHook] HikariPool-1 - Shutdown initiated...
2023-03-31 22:00:38,627 INFO com.zaxxer.hikari.HikariDataSource [SpringApplicationShutdownHook] HikariPool-1 - Shutdown completed.
